Using pre-set license
Built from '2020.3/release' branch; Version is '2020.3.31f1 (6b54b7616050) revision 7034039'; Using compiler version '192528614'; Build Type 'Release'
OS: 'Windows 8.1  (6.3.0) 64bit Core' Language: 'en' Physical Memory: 5080 MB
BatchMode: 1, IsHumanControllingUs: 0, StartBugReporterOnCrash: 0, Is64bit: 1, IsPro: 0

COMMAND LINE ARGUMENTS:
C:\Program Files\Unity\Hub\Editor\2020.3.31f1\Editor\Unity.exe
-adb2
-batchMode
-noUpm
-name
AssetImportWorker0
-projectPath
C:/Users/kpa7865/Documents/GitHub/CSC_250_SampleScene/My project
-logFile
Logs/AssetImportWorker0.log
-srvPort
57409
Successfully changed project path to: C:/Users/kpa7865/Documents/GitHub/CSC_250_SampleScene/My project
C:/Users/kpa7865/Documents/GitHub/CSC_250_SampleScene/My project
Using Asset Import Pipeline V2.
Refreshing native plugins compatible for Editor in 271.76 ms, found 2 plugins.
Preloading 0 native plugins for Editor in 0.00 ms.
Initialize engine version: 2020.3.31f1 (6b54b7616050)
[Subsystems] Discovering subsystems at path C:/Program Files/Unity/Hub/Editor/2020.3.31f1/Editor/Data/Resources/UnitySubsystems
[Subsystems] Discovering subsystems at path C:/Users/kpa7865/Documents/GitHub/CSC_250_SampleScene/My project/Assets
GfxDevice: creating device client; threaded=0
d3d11: QueryInterface(IDXGIFactory5) failed (80004002).
Direct3D:
    Version:  Direct3D 11.0 [level 11.1]
    Renderer: AMD Radeon(TM) R5 Graphics (ID=0x9851)
    Vendor:   
    VRAM:     1007 MB
    Driver:   13.302.1601.1001
Initialize mono
Mono path[0] = 'C:/Program Files/Unity/Hub/Editor/2020.3.31f1/Editor/Data/Managed'
Mono path[1] = 'C:/Program Files/Unity/Hub/Editor/2020.3.31f1/Editor/Data/MonoBleedingEdge/lib/mono/unityjit'
Mono config path = 'C:/Program Files/Unity/Hub/Editor/2020.3.31f1/Editor/Data/MonoBleedingEdge/etc'
Using monoOptions --debugger-agent=transport=dt_socket,embedding=1,server=y,suspend=n,address=127.0.0.1:56224
Begin MonoManager ReloadAssembly
Registering precompiled unity dll's ...
Register platform support module: C:/Program Files/Unity/Hub/Editor/2020.3.31f1/Editor/Data/PlaybackEngines/WebGLSupport/UnityEditor.WebGL.Extensions.dll
Register platform support module: C:/Program Files/Unity/Hub/Editor/2020.3.31f1/Editor/Data/PlaybackEngines/WindowsStandaloneSupport/UnityEditor.WindowsStandalone.Extensions.dll
Registered in 0.013623 seconds.
Native extension for WindowsStandalone target not found
Native extension for WebGL target not found
Refreshing native plugins compatible for Editor in 265.05 ms, found 2 plugins.
Preloading 0 native plugins for Editor in 0.00 ms.
Mono: successfully reloaded assembly
- Completed reload, in  4.795 seconds
Domain Reload Profiling:
	ReloadAssembly (4796ms)
		BeginReloadAssembly (407ms)
			ExecutionOrderSort (0ms)
			DisableScriptedObjects (0ms)
			BackupInstance (0ms)
			ReleaseScriptingObjects (0ms)
			CreateAndSetChildDomain (6ms)
		EndReloadAssembly (3783ms)
			LoadAssemblies (394ms)
			RebuildTransferFunctionScriptingTraits (1ms)
			SetupTypeCache (1434ms)
			ReleaseScriptCaches (0ms)
			RebuildScriptCaches (243ms)
			SetupLoadedEditorAssemblies (1338ms)
				LogAssemblyErrors (0ms)
				InitializePlatformSupportModulesInManaged (34ms)
				SetLoadedEditorAssemblies (1ms)
				RefreshPlugins (265ms)
				BeforeProcessingInitializeOnLoad (72ms)
				ProcessInitializeOnLoadAttributes (763ms)
				ProcessInitializeOnLoadMethodAttributes (200ms)
				AfterProcessingInitializeOnLoad (0ms)
				EditorAssembliesLoaded (1ms)
			ExecutionOrderSort2 (0ms)
			AwakeInstancesAfterBackupRestoration (0ms)
Platform modules already initialized, skipping
Registering precompiled user dll's ...
Registered in 0.018028 seconds.
Begin MonoManager ReloadAssembly
Native extension for WindowsStandalone target not found
Native extension for WebGL target not found
Refreshing native plugins compatible for Editor in 1.89 ms, found 2 plugins.
Preloading 0 native plugins for Editor in 0.00 ms.
Mono: successfully reloaded assembly
- Completed reload, in  7.352 seconds
Domain Reload Profiling:
	ReloadAssembly (7363ms)
		BeginReloadAssembly (1079ms)
			ExecutionOrderSort (0ms)
			DisableScriptedObjects (50ms)
			BackupInstance (0ms)
			ReleaseScriptingObjects (0ms)
			CreateAndSetChildDomain (96ms)
		EndReloadAssembly (5805ms)
			LoadAssemblies (634ms)
			RebuildTransferFunctionScriptingTraits (0ms)
			SetupTypeCache (2272ms)
			ReleaseScriptCaches (2ms)
			RebuildScriptCaches (317ms)
			SetupLoadedEditorAssemblies (1938ms)
				LogAssemblyErrors (0ms)
				InitializePlatformSupportModulesInManaged (34ms)
				SetLoadedEditorAssemblies (3ms)
				RefreshPlugins (2ms)
				BeforeProcessingInitializeOnLoad (386ms)
				ProcessInitializeOnLoadAttributes (1422ms)
				ProcessInitializeOnLoadMethodAttributes (59ms)
				AfterProcessingInitializeOnLoad (31ms)
				EditorAssembliesLoaded (1ms)
			ExecutionOrderSort2 (0ms)
			AwakeInstancesAfterBackupRestoration (43ms)
Platform modules already initialized, skipping
========================================================================
Worker process is ready to serve import requests
Launched and connected shader compiler UnityShaderCompiler.exe after 0.13 seconds
Refreshing native plugins compatible for Editor in 1.51 ms, found 2 plugins.
Preloading 0 native plugins for Editor in 0.00 ms.
Unloading 1513 Unused Serialized files (Serialized files now loaded: 0)
System memory in use before: 68.8 MB.
System memory in use after: 68.9 MB.

Unloading 16 unused Assets to reduce memory usage. Loaded Objects now: 1949.
Total: 14.801957 ms (FindLiveObjects: 0.684288 ms CreateObjectMapping: 0.229293 ms MarkObjects: 13.529817 ms  DeleteObjects: 0.354455 ms)

AssetImportParameters requested are different than current active one (requested -> active):
  custom:framework-win-MediaFoundation: 216162199b28c13a410421893ffa2e32 -> 
  custom:video-decoder-ogg-theora: a1e56fd34408186e4bbccfd4996cb3dc -> 
  custom:container-muxer-webm: aa71ff27fc2769a1b78a27578f13a17b -> 
  custom:container-demuxer-webm: 4f35f7cbe854078d1ac9338744f61a02 -> 
  custom:container-demuxer-ogg: 62fdf1f143b41e24485cea50d1cbac27 -> 
  custom:video-encoder-webm-vp8: eb34c28f22e8b96e1ab97ce403110664 -> 
  custom:video-decoder-webm-vp8: 9c59270c3fd7afecdb556c50c9e8de78 -> 
  custom:audio-decoder-ogg-vorbis: bf7c407c2cedff20999df2af8eb42d56 -> 
  custom:audio-encoder-webm-vorbis: bf7c407c2cedff20999df2af8eb42d56 -> 
========================================================================
Received Import Request.
  path: Assets/prefab/Enemy.prefab
  artifactKey: Guid(891b04c084933d84d8c0294685e39b24) Importer(815301076,1909f56bfc062723c751e8b465ee728b)
Start importing Assets/prefab/Enemy.prefab using Guid(891b04c084933d84d8c0294685e39b24) Importer(815301076,1909f56bfc062723c751e8b465ee728b)  -> (artifact id: '388f71c7af8007f2492fab4b1cc91d0c') in 0.876078 seconds 
========================================================================
Received Import Request.
  Time since last request: 118.955607 seconds.
  path: Assets/GameObjects/Scripts/BoxScriptCube.cs
  artifactKey: Guid(8b40d576e50611d4cbd8bd4eb683686a) Importer(815301076,1909f56bfc062723c751e8b465ee728b)
Start importing Assets/GameObjects/Scripts/BoxScriptCube.cs using Guid(8b40d576e50611d4cbd8bd4eb683686a) Importer(815301076,1909f56bfc062723c751e8b465ee728b)  -> (artifact id: 'c06db97774c350ccaa374ae15899cc16') in 0.479785 seconds 
========================================================================
Received Import Request.
  Time since last request: 45.397912 seconds.
  path: Assets/GameObjects/Scripts/CORE.cs
  artifactKey: Guid(c44665b3d47f5644c9e88a38ee069fe6) Importer(815301076,1909f56bfc062723c751e8b465ee728b)
Start importing Assets/GameObjects/Scripts/CORE.cs using Guid(c44665b3d47f5644c9e88a38ee069fe6) Importer(815301076,1909f56bfc062723c751e8b465ee728b)  -> (artifact id: '13801f88d1b4adf9d52a97422d9bcc62') in 0.263643 seconds 
========================================================================
Received Import Request.
  Time since last request: 19.675654 seconds.
  path: Assets/GameObjects/Scripts/playerScript.cs
  artifactKey: Guid(2f5026944ff3b374cb39d774c8a07d47) Importer(815301076,1909f56bfc062723c751e8b465ee728b)
Start importing Assets/GameObjects/Scripts/playerScript.cs using Guid(2f5026944ff3b374cb39d774c8a07d47) Importer(815301076,1909f56bfc062723c751e8b465ee728b)  -> (artifact id: 'b8a22075bdc95fa2341f7bc8451756b4') in 0.126007 seconds 
========================================================================
Received Import Request.
  Time since last request: 42.586378 seconds.
  path: Assets/GameObjects/Scripts/playerScript.cs
  artifactKey: Guid(2f5026944ff3b374cb39d774c8a07d47) Importer(815301076,1909f56bfc062723c751e8b465ee728b)
Start importing Assets/GameObjects/Scripts/playerScript.cs using Guid(2f5026944ff3b374cb39d774c8a07d47) Importer(815301076,1909f56bfc062723c751e8b465ee728b)  -> (artifact id: '16a04dd4aef422fbb5306aed0b520285') in 0.017619 seconds 
========================================================================
Received Import Request.
  Time since last request: 82.010059 seconds.
  path: Assets/GameObjects/Scripts/boxScript.cs
  artifactKey: Guid(84d41c6f9856bbc42ac7ceff17e8f18c) Importer(815301076,1909f56bfc062723c751e8b465ee728b)
Start importing Assets/GameObjects/Scripts/boxScript.cs using Guid(84d41c6f9856bbc42ac7ceff17e8f18c) Importer(815301076,1909f56bfc062723c751e8b465ee728b)  -> (artifact id: 'ef694b891ad71eb73de05f47e69fcc3b') in 0.127006 seconds 
========================================================================
Received Import Request.
  Time since last request: 54.668477 seconds.
  path: Assets/GameObjects/Scripts/playerScript.cs
  artifactKey: Guid(2f5026944ff3b374cb39d774c8a07d47) Importer(815301076,1909f56bfc062723c751e8b465ee728b)
Start importing Assets/GameObjects/Scripts/playerScript.cs using Guid(2f5026944ff3b374cb39d774c8a07d47) Importer(815301076,1909f56bfc062723c751e8b465ee728b)  -> (artifact id: '19e0b0f3e288bc22cc2a0943c6bf64c1') in 0.017775 seconds 
AssetImportWorkerClient::OnTransportError - code=2 error=End of file
