Using pre-set license
Built from '2020.3/release' branch; Version is '2020.3.31f1 (6b54b7616050) revision 7034039'; Using compiler version '192528614'; Build Type 'Release'
OS: 'Windows 8.1  (6.3.0) 64bit Core' Language: 'en' Physical Memory: 5080 MB
BatchMode: 1, IsHumanControllingUs: 0, StartBugReporterOnCrash: 0, Is64bit: 1, IsPro: 0

COMMAND LINE ARGUMENTS:
C:\Program Files\Unity\Hub\Editor\2020.3.31f1\Editor\Unity.exe
-adb2
-batchMode
-noUpm
-name
AssetImportWorker1
-projectPath
C:/Users/kpa7865/Documents/GitHub/CSC_250_SampleScene/My project
-logFile
Logs/AssetImportWorker1.log
-srvPort
64790
Successfully changed project path to: C:/Users/kpa7865/Documents/GitHub/CSC_250_SampleScene/My project
C:/Users/kpa7865/Documents/GitHub/CSC_250_SampleScene/My project
Using Asset Import Pipeline V2.
Refreshing native plugins compatible for Editor in 292.22 ms, found 2 plugins.
Preloading 0 native plugins for Editor in 0.00 ms.
Initialize engine version: 2020.3.31f1 (6b54b7616050)
[Subsystems] Discovering subsystems at path C:/Program Files/Unity/Hub/Editor/2020.3.31f1/Editor/Data/Resources/UnitySubsystems
[Subsystems] Discovering subsystems at path C:/Users/kpa7865/Documents/GitHub/CSC_250_SampleScene/My project/Assets
GfxDevice: creating device client; threaded=0
d3d11: QueryInterface(IDXGIFactory5) failed (80004002).
Direct3D:
    Version:  Direct3D 11.0 [level 11.1]
    Renderer: AMD Radeon(TM) R5 Graphics (ID=0x9851)
    Vendor:   
    VRAM:     1007 MB
    Driver:   13.302.1601.1001
Initialize mono
Mono path[0] = 'C:/Program Files/Unity/Hub/Editor/2020.3.31f1/Editor/Data/Managed'
Mono path[1] = 'C:/Program Files/Unity/Hub/Editor/2020.3.31f1/Editor/Data/MonoBleedingEdge/lib/mono/unityjit'
Mono config path = 'C:/Program Files/Unity/Hub/Editor/2020.3.31f1/Editor/Data/MonoBleedingEdge/etc'
Using monoOptions --debugger-agent=transport=dt_socket,embedding=1,server=y,suspend=n,address=127.0.0.1:56660
Begin MonoManager ReloadAssembly
Registering precompiled unity dll's ...
Register platform support module: C:/Program Files/Unity/Hub/Editor/2020.3.31f1/Editor/Data/PlaybackEngines/WebGLSupport/UnityEditor.WebGL.Extensions.dll
Register platform support module: C:/Program Files/Unity/Hub/Editor/2020.3.31f1/Editor/Data/PlaybackEngines/WindowsStandaloneSupport/UnityEditor.WindowsStandalone.Extensions.dll
Registered in 0.010242 seconds.
Native extension for WindowsStandalone target not found
Native extension for WebGL target not found
Refreshing native plugins compatible for Editor in 259.12 ms, found 2 plugins.
Preloading 0 native plugins for Editor in 0.00 ms.
Mono: successfully reloaded assembly
- Completed reload, in  4.925 seconds
Domain Reload Profiling:
	ReloadAssembly (4926ms)
		BeginReloadAssembly (848ms)
			ExecutionOrderSort (0ms)
			DisableScriptedObjects (0ms)
			BackupInstance (0ms)
			ReleaseScriptingObjects (0ms)
			CreateAndSetChildDomain (4ms)
		EndReloadAssembly (3528ms)
			LoadAssemblies (837ms)
			RebuildTransferFunctionScriptingTraits (1ms)
			SetupTypeCache (1283ms)
			ReleaseScriptCaches (0ms)
			RebuildScriptCaches (219ms)
			SetupLoadedEditorAssemblies (1138ms)
				LogAssemblyErrors (0ms)
				InitializePlatformSupportModulesInManaged (32ms)
				SetLoadedEditorAssemblies (1ms)
				RefreshPlugins (259ms)
				BeforeProcessingInitializeOnLoad (54ms)
				ProcessInitializeOnLoadAttributes (598ms)
				ProcessInitializeOnLoadMethodAttributes (192ms)
				AfterProcessingInitializeOnLoad (0ms)
				EditorAssembliesLoaded (1ms)
			ExecutionOrderSort2 (0ms)
			AwakeInstancesAfterBackupRestoration (0ms)
Platform modules already initialized, skipping
Registering precompiled user dll's ...
Registered in 0.017027 seconds.
Begin MonoManager ReloadAssembly
Native extension for WindowsStandalone target not found
Native extension for WebGL target not found
Refreshing native plugins compatible for Editor in 1.56 ms, found 2 plugins.
Preloading 0 native plugins for Editor in 0.00 ms.
Mono: successfully reloaded assembly
- Completed reload, in 16.335 seconds
Domain Reload Profiling:
	ReloadAssembly (16337ms)
		BeginReloadAssembly (1242ms)
			ExecutionOrderSort (0ms)
			DisableScriptedObjects (37ms)
			BackupInstance (0ms)
			ReleaseScriptingObjects (1ms)
			CreateAndSetChildDomain (82ms)
		EndReloadAssembly (14802ms)
			LoadAssemblies (10363ms)
			RebuildTransferFunctionScriptingTraits (0ms)
			SetupTypeCache (2081ms)
			ReleaseScriptCaches (2ms)
			RebuildScriptCaches (322ms)
			SetupLoadedEditorAssemblies (1469ms)
				LogAssemblyErrors (0ms)
				InitializePlatformSupportModulesInManaged (31ms)
				SetLoadedEditorAssemblies (3ms)
				RefreshPlugins (2ms)
				BeforeProcessingInitializeOnLoad (311ms)
				ProcessInitializeOnLoadAttributes (1065ms)
				ProcessInitializeOnLoadMethodAttributes (38ms)
				AfterProcessingInitializeOnLoad (19ms)
				EditorAssembliesLoaded (1ms)
			ExecutionOrderSort2 (0ms)
			AwakeInstancesAfterBackupRestoration (29ms)
Platform modules already initialized, skipping
========================================================================
Worker process is ready to serve import requests
Launched and connected shader compiler UnityShaderCompiler.exe after 0.09 seconds
Refreshing native plugins compatible for Editor in 1.03 ms, found 2 plugins.
Preloading 0 native plugins for Editor in 0.00 ms.
Unloading 1514 Unused Serialized files (Serialized files now loaded: 0)
System memory in use before: 68.8 MB.
System memory in use after: 68.9 MB.

Unloading 16 unused Assets to reduce memory usage. Loaded Objects now: 1950.
Total: 9.213283 ms (FindLiveObjects: 0.508857 ms CreateObjectMapping: 0.203132 ms MarkObjects: 8.218140 ms  DeleteObjects: 0.279050 ms)

AssetImportParameters requested are different than current active one (requested -> active):
  custom:framework-win-MediaFoundation: 216162199b28c13a410421893ffa2e32 -> 
  custom:video-decoder-ogg-theora: a1e56fd34408186e4bbccfd4996cb3dc -> 
  custom:container-muxer-webm: aa71ff27fc2769a1b78a27578f13a17b -> 
  custom:container-demuxer-webm: 4f35f7cbe854078d1ac9338744f61a02 -> 
  custom:container-demuxer-ogg: 62fdf1f143b41e24485cea50d1cbac27 -> 
  custom:video-encoder-webm-vp8: eb34c28f22e8b96e1ab97ce403110664 -> 
  custom:video-decoder-webm-vp8: 9c59270c3fd7afecdb556c50c9e8de78 -> 
  custom:audio-decoder-ogg-vorbis: bf7c407c2cedff20999df2af8eb42d56 -> 
  custom:audio-encoder-webm-vorbis: bf7c407c2cedff20999df2af8eb42d56 -> 
========================================================================
Received Import Request.
  path: Assets/GameObjects/Scripts/playerScript.cs
  artifactKey: Guid(2f5026944ff3b374cb39d774c8a07d47) Importer(815301076,1909f56bfc062723c751e8b465ee728b)
Start importing Assets/GameObjects/Scripts/playerScript.cs using Guid(2f5026944ff3b374cb39d774c8a07d47) Importer(815301076,1909f56bfc062723c751e8b465ee728b)  -> (artifact id: '5ae18800d83a054470ec345bf8b8fa13') in 0.263580 seconds 
========================================================================
Received Import Request.
  Time since last request: 24.602307 seconds.
  path: Assets/GameObjects/Scripts/CORE.cs
  artifactKey: Guid(c44665b3d47f5644c9e88a38ee069fe6) Importer(815301076,1909f56bfc062723c751e8b465ee728b)
Start importing Assets/GameObjects/Scripts/CORE.cs using Guid(c44665b3d47f5644c9e88a38ee069fe6) Importer(815301076,1909f56bfc062723c751e8b465ee728b)  -> (artifact id: '84db41f4a1ebeefd03efaffe962473c9') in 0.148265 seconds 
========================================================================
Received Import Request.
  Time since last request: 95.797373 seconds.
  path: Assets/GameObjects/Scripts/roomScript.cs
  artifactKey: Guid(76c29f48ea6388a4395afb69d70f3acd) Importer(815301076,1909f56bfc062723c751e8b465ee728b)
Start importing Assets/GameObjects/Scripts/roomScript.cs using Guid(76c29f48ea6388a4395afb69d70f3acd) Importer(815301076,1909f56bfc062723c751e8b465ee728b)  -> (artifact id: '717a07d79537b73308ff722719a603c1') in 0.079500 seconds 
========================================================================
Received Import Request.
  Time since last request: 1067.914263 seconds.
  path: Assets/GameObjects/Scripts/BoxScriptCube.cs
  artifactKey: Guid(8b40d576e50611d4cbd8bd4eb683686a) Importer(815301076,1909f56bfc062723c751e8b465ee728b)
Start importing Assets/GameObjects/Scripts/BoxScriptCube.cs using Guid(8b40d576e50611d4cbd8bd4eb683686a) Importer(815301076,1909f56bfc062723c751e8b465ee728b)  -> (artifact id: 'd694ba52dbb260048a1c5f9ec7b426bb') in 0.342808 seconds 
========================================================================
Received Import Request.
  Time since last request: 14.636523 seconds.
  path: Assets/GameObjects/Scripts/RoomTriggerScript.cs
  artifactKey: Guid(11834dfdf0d37ad4189bb3e47ff931d2) Importer(815301076,1909f56bfc062723c751e8b465ee728b)
Start importing Assets/GameObjects/Scripts/RoomTriggerScript.cs using Guid(11834dfdf0d37ad4189bb3e47ff931d2) Importer(815301076,1909f56bfc062723c751e8b465ee728b)  -> (artifact id: 'b130318ca3528bf2ca0b3126021b52ff') in 0.058759 seconds 
========================================================================
Received Import Request.
  Time since last request: 175817.412140 seconds.
  path: Assets/GameObjects/Scripts/RoomTriggerScript.cs
  artifactKey: Guid(11834dfdf0d37ad4189bb3e47ff931d2) Importer(815301076,1909f56bfc062723c751e8b465ee728b)
Start importing Assets/GameObjects/Scripts/RoomTriggerScript.cs using Guid(11834dfdf0d37ad4189bb3e47ff931d2) Importer(815301076,1909f56bfc062723c751e8b465ee728b)  -> (artifact id: 'c454129b8d16710f51772366b3b80715') in 1.198702 seconds 
========================================================================
Received Import Request.
  Time since last request: 21056.671322 seconds.
  path: Assets/prefab/1 door.prefab
  artifactKey: Guid(4583b90157580c3458298cf67a05f396) Importer(815301076,1909f56bfc062723c751e8b465ee728b)
Start importing Assets/prefab/1 door.prefab using Guid(4583b90157580c3458298cf67a05f396) Importer(815301076,1909f56bfc062723c751e8b465ee728b)  -> (artifact id: '48ed2d66c89f2ac14811eb25841ba10d') in 47.250542 seconds 
========================================================================
Received Import Request.
  Time since last request: 0.016007 seconds.
  path: Assets/prefab/Enemy.prefab
  artifactKey: Guid(891b04c084933d84d8c0294685e39b24) Importer(815301076,1909f56bfc062723c751e8b465ee728b)
Start importing Assets/prefab/Enemy.prefab using Guid(891b04c084933d84d8c0294685e39b24) Importer(815301076,1909f56bfc062723c751e8b465ee728b)  -> (artifact id: 'f8157cc0fa953fb34b887ca6c7a77086') in 0.592844 seconds 
========================================================================
Received Import Request.
  Time since last request: 0.000934 seconds.
  path: Assets/prefab/4 doors.prefab
  artifactKey: Guid(7cb0f85c2bdfb2946a8730034c2f1d57) Importer(815301076,1909f56bfc062723c751e8b465ee728b)
Start importing Assets/prefab/4 doors.prefab using Guid(7cb0f85c2bdfb2946a8730034c2f1d57) Importer(815301076,1909f56bfc062723c751e8b465ee728b)  -> (artifact id: '7fe92f2dce015587559aa6c8c16c47b5') in 0.342205 seconds 
========================================================================
Received Import Request.
  Time since last request: 0.000890 seconds.
  path: Assets/prefab/3 doors.prefab
  artifactKey: Guid(4835b1d652a835b459e3c9593b163657) Importer(815301076,1909f56bfc062723c751e8b465ee728b)
Start importing Assets/prefab/3 doors.prefab using Guid(4835b1d652a835b459e3c9593b163657) Importer(815301076,1909f56bfc062723c751e8b465ee728b)  -> (artifact id: 'a5f49c1bdf51338c6e49d8d8c9768529') in 0.342951 seconds 
========================================================================
Received Import Request.
  Time since last request: 0.000887 seconds.
  path: Assets/prefab/2 doors corner.prefab
  artifactKey: Guid(f0e89ff416bc7ca42ae105ddc0a02369) Importer(815301076,1909f56bfc062723c751e8b465ee728b)
Start importing Assets/prefab/2 doors corner.prefab using Guid(f0e89ff416bc7ca42ae105ddc0a02369) Importer(815301076,1909f56bfc062723c751e8b465ee728b)  -> (artifact id: '29a9c1e8f9ba8769158b1deae0402650') in 0.801230 seconds 
========================================================================
Received Import Request.
  Time since last request: 0.000878 seconds.
  path: Assets/prefab/2 doors.prefab
  artifactKey: Guid(47718bb3d1d35844ab5583b245235ff6) Importer(815301076,1909f56bfc062723c751e8b465ee728b)
Start importing Assets/prefab/2 doors.prefab using Guid(47718bb3d1d35844ab5583b245235ff6) Importer(815301076,1909f56bfc062723c751e8b465ee728b)  -> (artifact id: 'a6cdf2e6cb23cf52f81969aca8d7adae') in 0.570191 seconds 
========================================================================
Received Import Request.
  Time since last request: 667.083195 seconds.
  path: Assets/prefab/4 doors.prefab
  artifactKey: Guid(7cb0f85c2bdfb2946a8730034c2f1d57) Importer(815301076,1909f56bfc062723c751e8b465ee728b)
Start importing Assets/prefab/4 doors.prefab using Guid(7cb0f85c2bdfb2946a8730034c2f1d57) Importer(815301076,1909f56bfc062723c751e8b465ee728b)  -> (artifact id: '723c8505571da2180514812fe2235295') in 0.329356 seconds 
========================================================================
Received Import Request.
  Time since last request: 14.545928 seconds.
  path: Assets/prefab/4 doors.prefab
  artifactKey: Guid(7cb0f85c2bdfb2946a8730034c2f1d57) Importer(815301076,1909f56bfc062723c751e8b465ee728b)
Start importing Assets/prefab/4 doors.prefab using Guid(7cb0f85c2bdfb2946a8730034c2f1d57) Importer(815301076,1909f56bfc062723c751e8b465ee728b)  -> (artifact id: '1059b48595076cc06b88b3c9890254cc') in 0.202945 seconds 
========================================================================
Received Import Request.
  Time since last request: 288.596214 seconds.
  path: Assets/prefab/3 doors.prefab
  artifactKey: Guid(4835b1d652a835b459e3c9593b163657) Importer(815301076,1909f56bfc062723c751e8b465ee728b)
Start importing Assets/prefab/3 doors.prefab using Guid(4835b1d652a835b459e3c9593b163657) Importer(815301076,1909f56bfc062723c751e8b465ee728b)  -> (artifact id: '73fcee9f2823e7681addc1f4f9418cfa') in 0.282248 seconds 
========================================================================
Received Import Request.
  Time since last request: 26.712758 seconds.
  path: Assets/prefab/2 doors.prefab
  artifactKey: Guid(47718bb3d1d35844ab5583b245235ff6) Importer(815301076,1909f56bfc062723c751e8b465ee728b)
Start importing Assets/prefab/2 doors.prefab using Guid(47718bb3d1d35844ab5583b245235ff6) Importer(815301076,1909f56bfc062723c751e8b465ee728b)  -> (artifact id: '126297a5df458f0108d8253c371e4145') in 0.107070 seconds 
========================================================================
Received Import Request.
  Time since last request: 3.904580 seconds.
  path: Assets/prefab/2 doors.prefab
  artifactKey: Guid(47718bb3d1d35844ab5583b245235ff6) Importer(815301076,1909f56bfc062723c751e8b465ee728b)
Start importing Assets/prefab/2 doors.prefab using Guid(47718bb3d1d35844ab5583b245235ff6) Importer(815301076,1909f56bfc062723c751e8b465ee728b)  -> (artifact id: '89f0c9d3bfa7d84a3c596e46d52008da') in 0.172309 seconds 
========================================================================
Received Import Request.
  Time since last request: 31.130117 seconds.
  path: Assets/prefab/2 doors.prefab
  artifactKey: Guid(47718bb3d1d35844ab5583b245235ff6) Importer(815301076,1909f56bfc062723c751e8b465ee728b)
Start importing Assets/prefab/2 doors.prefab using Guid(47718bb3d1d35844ab5583b245235ff6) Importer(815301076,1909f56bfc062723c751e8b465ee728b)  -> (artifact id: '7f720cff5af539373f94a2c7fa3135eb') in 0.232111 seconds 
========================================================================
Received Import Request.
  Time since last request: 4.242626 seconds.
  path: Assets/prefab/2 doors.prefab
  artifactKey: Guid(47718bb3d1d35844ab5583b245235ff6) Importer(815301076,1909f56bfc062723c751e8b465ee728b)
Start importing Assets/prefab/2 doors.prefab using Guid(47718bb3d1d35844ab5583b245235ff6) Importer(815301076,1909f56bfc062723c751e8b465ee728b)  -> (artifact id: '215ca40307ac4908ed4c5e1684016a1c') in 0.393768 seconds 
========================================================================
Received Import Request.
  Time since last request: 2.650448 seconds.
  path: Assets/prefab/2 doors.prefab
  artifactKey: Guid(47718bb3d1d35844ab5583b245235ff6) Importer(815301076,1909f56bfc062723c751e8b465ee728b)
Start importing Assets/prefab/2 doors.prefab using Guid(47718bb3d1d35844ab5583b245235ff6) Importer(815301076,1909f56bfc062723c751e8b465ee728b)  -> (artifact id: '663f7f813211640a1d970c57f6b82732') in 0.159720 seconds 
========================================================================
Received Import Request.
  Time since last request: 1.685771 seconds.
  path: Assets/prefab/2 doors.prefab
  artifactKey: Guid(47718bb3d1d35844ab5583b245235ff6) Importer(815301076,1909f56bfc062723c751e8b465ee728b)
Start importing Assets/prefab/2 doors.prefab using Guid(47718bb3d1d35844ab5583b245235ff6) Importer(815301076,1909f56bfc062723c751e8b465ee728b)  -> (artifact id: 'e7002f524700e4237321dcf7c98e7fcc') in 0.210166 seconds 
========================================================================
Received Import Request.
  Time since last request: 7.810782 seconds.
  path: Assets/prefab/2 doors.prefab
  artifactKey: Guid(47718bb3d1d35844ab5583b245235ff6) Importer(815301076,1909f56bfc062723c751e8b465ee728b)
Start importing Assets/prefab/2 doors.prefab using Guid(47718bb3d1d35844ab5583b245235ff6) Importer(815301076,1909f56bfc062723c751e8b465ee728b)  -> (artifact id: 'a386cd4a426bf57d9e0191b29b988fab') in 0.200815 seconds 
========================================================================
Received Import Request.
  Time since last request: 2.700072 seconds.
  path: Assets/prefab/2 doors.prefab
  artifactKey: Guid(47718bb3d1d35844ab5583b245235ff6) Importer(815301076,1909f56bfc062723c751e8b465ee728b)
Start importing Assets/prefab/2 doors.prefab using Guid(47718bb3d1d35844ab5583b245235ff6) Importer(815301076,1909f56bfc062723c751e8b465ee728b)  -> (artifact id: '07b05044b4e7b14f5473a98575e4e6d1') in 0.172936 seconds 
========================================================================
Received Import Request.
  Time since last request: 9.293900 seconds.
  path: Assets/prefab/2 doors.prefab
  artifactKey: Guid(47718bb3d1d35844ab5583b245235ff6) Importer(815301076,1909f56bfc062723c751e8b465ee728b)
Start importing Assets/prefab/2 doors.prefab using Guid(47718bb3d1d35844ab5583b245235ff6) Importer(815301076,1909f56bfc062723c751e8b465ee728b)  -> (artifact id: '5f47d77c46a21d0df0e315e0315dccd1') in 0.155381 seconds 
========================================================================
Received Import Request.
  Time since last request: 19.722266 seconds.
  path: Assets/prefab/2 doors.prefab
  artifactKey: Guid(47718bb3d1d35844ab5583b245235ff6) Importer(815301076,1909f56bfc062723c751e8b465ee728b)
Start importing Assets/prefab/2 doors.prefab using Guid(47718bb3d1d35844ab5583b245235ff6) Importer(815301076,1909f56bfc062723c751e8b465ee728b)  -> (artifact id: '4599cb3b17bf81c0058f5fd35c5a2872') in 0.165798 seconds 
========================================================================
Received Import Request.
  Time since last request: 124.267703 seconds.
  path: Assets/prefab/2 doors corner.prefab
  artifactKey: Guid(f0e89ff416bc7ca42ae105ddc0a02369) Importer(815301076,1909f56bfc062723c751e8b465ee728b)
Start importing Assets/prefab/2 doors corner.prefab using Guid(f0e89ff416bc7ca42ae105ddc0a02369) Importer(815301076,1909f56bfc062723c751e8b465ee728b)  -> (artifact id: '7169fa7a01d6b519073d85af18ba860b') in 0.208599 seconds 
========================================================================
Received Import Request.
  Time since last request: 124.981214 seconds.
  path: Assets/prefab/1 door.prefab
  artifactKey: Guid(4583b90157580c3458298cf67a05f396) Importer(815301076,1909f56bfc062723c751e8b465ee728b)
Start importing Assets/prefab/1 door.prefab using Guid(4583b90157580c3458298cf67a05f396) Importer(815301076,1909f56bfc062723c751e8b465ee728b)  -> (artifact id: 'a78250ef7fa8bf9a8b8908e37436ae31') in 0.126087 seconds 
AssetImportWorkerClient::OnTransportError - code=2 error=End of file
