Using pre-set license
Built from '2020.3/release' branch; Version is '2020.3.31f1 (6b54b7616050) revision 7034039'; Using compiler version '192528614'; Build Type 'Release'
OS: 'Windows 8.1  (6.3.0) 64bit Core' Language: 'en' Physical Memory: 5080 MB
BatchMode: 1, IsHumanControllingUs: 0, StartBugReporterOnCrash: 0, Is64bit: 1, IsPro: 0

COMMAND LINE ARGUMENTS:
C:\Program Files\Unity\Hub\Editor\2020.3.31f1\Editor\Unity.exe
-adb2
-batchMode
-noUpm
-name
AssetImportWorker5
-projectPath
C:/Users/kpa7865/Documents/GitHub/CSC_250_SampleScene/My project
-logFile
Logs/AssetImportWorker5.log
-srvPort
51427
Successfully changed project path to: C:/Users/kpa7865/Documents/GitHub/CSC_250_SampleScene/My project
C:/Users/kpa7865/Documents/GitHub/CSC_250_SampleScene/My project
Using Asset Import Pipeline V2.
Refreshing native plugins compatible for Editor in 224.76 ms, found 2 plugins.
Preloading 0 native plugins for Editor in 0.00 ms.
Initialize engine version: 2020.3.31f1 (6b54b7616050)
[Subsystems] Discovering subsystems at path C:/Program Files/Unity/Hub/Editor/2020.3.31f1/Editor/Data/Resources/UnitySubsystems
[Subsystems] Discovering subsystems at path C:/Users/kpa7865/Documents/GitHub/CSC_250_SampleScene/My project/Assets
GfxDevice: creating device client; threaded=0
d3d11: QueryInterface(IDXGIFactory5) failed (80004002).
Direct3D:
    Version:  Direct3D 11.0 [level 11.1]
    Renderer: AMD Radeon(TM) R5 Graphics (ID=0x9851)
    Vendor:   
    VRAM:     1007 MB
    Driver:   13.302.1601.1001
Initialize mono
Mono path[0] = 'C:/Program Files/Unity/Hub/Editor/2020.3.31f1/Editor/Data/Managed'
Mono path[1] = 'C:/Program Files/Unity/Hub/Editor/2020.3.31f1/Editor/Data/MonoBleedingEdge/lib/mono/unityjit'
Mono config path = 'C:/Program Files/Unity/Hub/Editor/2020.3.31f1/Editor/Data/MonoBleedingEdge/etc'
Using monoOptions --debugger-agent=transport=dt_socket,embedding=1,server=y,suspend=n,address=127.0.0.1:56712
Begin MonoManager ReloadAssembly
Registering precompiled unity dll's ...
Register platform support module: C:/Program Files/Unity/Hub/Editor/2020.3.31f1/Editor/Data/PlaybackEngines/WebGLSupport/UnityEditor.WebGL.Extensions.dll
Register platform support module: C:/Program Files/Unity/Hub/Editor/2020.3.31f1/Editor/Data/PlaybackEngines/WindowsStandaloneSupport/UnityEditor.WindowsStandalone.Extensions.dll
Registered in 0.008789 seconds.
Native extension for WindowsStandalone target not found
Native extension for WebGL target not found
Refreshing native plugins compatible for Editor in 192.51 ms, found 2 plugins.
Preloading 0 native plugins for Editor in 0.00 ms.
Mono: successfully reloaded assembly
- Completed reload, in  3.527 seconds
Domain Reload Profiling:
	ReloadAssembly (3529ms)
		BeginReloadAssembly (387ms)
			ExecutionOrderSort (0ms)
			DisableScriptedObjects (0ms)
			BackupInstance (0ms)
			ReleaseScriptingObjects (0ms)
			CreateAndSetChildDomain (4ms)
		EndReloadAssembly (2729ms)
			LoadAssemblies (376ms)
			RebuildTransferFunctionScriptingTraits (1ms)
			SetupTypeCache (980ms)
			ReleaseScriptCaches (0ms)
			RebuildScriptCaches (185ms)
			SetupLoadedEditorAssemblies (984ms)
				LogAssemblyErrors (0ms)
				InitializePlatformSupportModulesInManaged (33ms)
				SetLoadedEditorAssemblies (1ms)
				RefreshPlugins (193ms)
				BeforeProcessingInitializeOnLoad (50ms)
				ProcessInitializeOnLoadAttributes (530ms)
				ProcessInitializeOnLoadMethodAttributes (176ms)
				AfterProcessingInitializeOnLoad (0ms)
				EditorAssembliesLoaded (1ms)
			ExecutionOrderSort2 (0ms)
			AwakeInstancesAfterBackupRestoration (0ms)
Platform modules already initialized, skipping
Registering precompiled user dll's ...
Registered in 0.014594 seconds.
Begin MonoManager ReloadAssembly
Native extension for WindowsStandalone target not found
Native extension for WebGL target not found
Refreshing native plugins compatible for Editor in 1.48 ms, found 2 plugins.
Preloading 0 native plugins for Editor in 0.00 ms.
Mono: successfully reloaded assembly
- Completed reload, in  5.900 seconds
Domain Reload Profiling:
	ReloadAssembly (5907ms)
		BeginReloadAssembly (889ms)
			ExecutionOrderSort (0ms)
			DisableScriptedObjects (26ms)
			BackupInstance (0ms)
			ReleaseScriptingObjects (1ms)
			CreateAndSetChildDomain (102ms)
		EndReloadAssembly (4668ms)
			LoadAssemblies (567ms)
			RebuildTransferFunctionScriptingTraits (0ms)
			SetupTypeCache (1660ms)
			ReleaseScriptCaches (2ms)
			RebuildScriptCaches (266ms)
			SetupLoadedEditorAssemblies (1700ms)
				LogAssemblyErrors (0ms)
				InitializePlatformSupportModulesInManaged (30ms)
				SetLoadedEditorAssemblies (2ms)
				RefreshPlugins (2ms)
				BeforeProcessingInitializeOnLoad (304ms)
				ProcessInitializeOnLoadAttributes (1281ms)
				ProcessInitializeOnLoadMethodAttributes (57ms)
				AfterProcessingInitializeOnLoad (22ms)
				EditorAssembliesLoaded (1ms)
			ExecutionOrderSort2 (0ms)
			AwakeInstancesAfterBackupRestoration (37ms)
Platform modules already initialized, skipping
========================================================================
Worker process is ready to serve import requests
Launched and connected shader compiler UnityShaderCompiler.exe after 0.55 seconds
Refreshing native plugins compatible for Editor in 1.26 ms, found 2 plugins.
Preloading 0 native plugins for Editor in 0.00 ms.
Unloading 1507 Unused Serialized files (Serialized files now loaded: 0)
System memory in use before: 68.6 MB.
System memory in use after: 68.7 MB.

Unloading 16 unused Assets to reduce memory usage. Loaded Objects now: 1943.
Total: 18.067456 ms (FindLiveObjects: 1.565039 ms CreateObjectMapping: 0.419601 ms MarkObjects: 15.529333 ms  DeleteObjects: 0.544250 ms)

AssetImportParameters requested are different than current active one (requested -> active):
  custom:framework-win-MediaFoundation: 216162199b28c13a410421893ffa2e32 -> 
  custom:video-decoder-ogg-theora: a1e56fd34408186e4bbccfd4996cb3dc -> 
  custom:container-muxer-webm: aa71ff27fc2769a1b78a27578f13a17b -> 
  custom:container-demuxer-webm: 4f35f7cbe854078d1ac9338744f61a02 -> 
  custom:container-demuxer-ogg: 62fdf1f143b41e24485cea50d1cbac27 -> 
  custom:video-encoder-webm-vp8: eb34c28f22e8b96e1ab97ce403110664 -> 
  custom:video-decoder-webm-vp8: 9c59270c3fd7afecdb556c50c9e8de78 -> 
  custom:audio-decoder-ogg-vorbis: bf7c407c2cedff20999df2af8eb42d56 -> 
  custom:audio-encoder-webm-vorbis: bf7c407c2cedff20999df2af8eb42d56 -> 
========================================================================
Received Import Request.
  path: Assets/prefab/2 doors corner.prefab
  artifactKey: Guid(f0e89ff416bc7ca42ae105ddc0a02369) Importer(815301076,1909f56bfc062723c751e8b465ee728b)
Start importing Assets/prefab/2 doors corner.prefab using Guid(f0e89ff416bc7ca42ae105ddc0a02369) Importer(815301076,1909f56bfc062723c751e8b465ee728b)  -> (artifact id: '1816cf01a4df92f4f341f80e8b43266b') in 0.963196 seconds 
========================================================================
Received Import Request.
  Time since last request: 35.860743 seconds.
  path: Assets/prefab/2 doors corner.prefab
  artifactKey: Guid(f0e89ff416bc7ca42ae105ddc0a02369) Importer(815301076,1909f56bfc062723c751e8b465ee728b)
Start importing Assets/prefab/2 doors corner.prefab using Guid(f0e89ff416bc7ca42ae105ddc0a02369) Importer(815301076,1909f56bfc062723c751e8b465ee728b)  -> (artifact id: '91d597a31345d2efcb75e51f52b5fa6d') in 0.114803 seconds 
========================================================================
Received Import Request.
  Time since last request: 8.358224 seconds.
  path: Assets/prefab/2 doors corner.prefab
  artifactKey: Guid(f0e89ff416bc7ca42ae105ddc0a02369) Importer(815301076,1909f56bfc062723c751e8b465ee728b)
Start importing Assets/prefab/2 doors corner.prefab using Guid(f0e89ff416bc7ca42ae105ddc0a02369) Importer(815301076,1909f56bfc062723c751e8b465ee728b)  -> (artifact id: '0167684fae78bee39de62b1a2370af26') in 0.096478 seconds 
========================================================================
Received Import Request.
  Time since last request: 57.929775 seconds.
  path: Assets/prefab/4 doors.prefab
  artifactKey: Guid(7cb0f85c2bdfb2946a8730034c2f1d57) Importer(815301076,1909f56bfc062723c751e8b465ee728b)
Start importing Assets/prefab/4 doors.prefab using Guid(7cb0f85c2bdfb2946a8730034c2f1d57) Importer(815301076,1909f56bfc062723c751e8b465ee728b)  -> (artifact id: '706a725dac8513200494f74bb8ed2202') in 0.178321 seconds 
========================================================================
Received Import Request.
  Time since last request: 20.606369 seconds.
  path: Assets/prefab/4 doors.prefab
  artifactKey: Guid(7cb0f85c2bdfb2946a8730034c2f1d57) Importer(815301076,1909f56bfc062723c751e8b465ee728b)
Start importing Assets/prefab/4 doors.prefab using Guid(7cb0f85c2bdfb2946a8730034c2f1d57) Importer(815301076,1909f56bfc062723c751e8b465ee728b)  -> (artifact id: '066b137e4a1a6bfd5e563f11754e84a7') in 0.123805 seconds 
========================================================================
Received Import Request.
  Time since last request: 10.142723 seconds.
  path: Assets/prefab/4 doors.prefab
  artifactKey: Guid(7cb0f85c2bdfb2946a8730034c2f1d57) Importer(815301076,1909f56bfc062723c751e8b465ee728b)
Start importing Assets/prefab/4 doors.prefab using Guid(7cb0f85c2bdfb2946a8730034c2f1d57) Importer(815301076,1909f56bfc062723c751e8b465ee728b)  -> (artifact id: '0ffe3ef63bd4864877c6ea66524f597b') in 0.126199 seconds 
========================================================================
Received Import Request.
  Time since last request: 8.419497 seconds.
  path: Assets/prefab/4 doors.prefab
  artifactKey: Guid(7cb0f85c2bdfb2946a8730034c2f1d57) Importer(815301076,1909f56bfc062723c751e8b465ee728b)
Start importing Assets/prefab/4 doors.prefab using Guid(7cb0f85c2bdfb2946a8730034c2f1d57) Importer(815301076,1909f56bfc062723c751e8b465ee728b)  -> (artifact id: 'ce48b3b7d2cb50f21cf7d5dce2845e70') in 0.152330 seconds 
========================================================================
Received Import Request.
  Time since last request: 6.723683 seconds.
  path: Assets/prefab/4 doors.prefab
  artifactKey: Guid(7cb0f85c2bdfb2946a8730034c2f1d57) Importer(815301076,1909f56bfc062723c751e8b465ee728b)
Start importing Assets/prefab/4 doors.prefab using Guid(7cb0f85c2bdfb2946a8730034c2f1d57) Importer(815301076,1909f56bfc062723c751e8b465ee728b)  -> (artifact id: 'd9353f6417aad6d8d73c3a689ee1b291') in 0.105381 seconds 
========================================================================
Received Import Request.
  Time since last request: 7.940459 seconds.
  path: Assets/prefab/4 doors.prefab
  artifactKey: Guid(7cb0f85c2bdfb2946a8730034c2f1d57) Importer(815301076,1909f56bfc062723c751e8b465ee728b)
Start importing Assets/prefab/4 doors.prefab using Guid(7cb0f85c2bdfb2946a8730034c2f1d57) Importer(815301076,1909f56bfc062723c751e8b465ee728b)  -> (artifact id: 'ca549e917ce5690903d939a3886af720') in 0.105636 seconds 
========================================================================
Received Import Request.
  Time since last request: 12.344679 seconds.
  path: Assets/prefab/4 doors.prefab
  artifactKey: Guid(7cb0f85c2bdfb2946a8730034c2f1d57) Importer(815301076,1909f56bfc062723c751e8b465ee728b)
Start importing Assets/prefab/4 doors.prefab using Guid(7cb0f85c2bdfb2946a8730034c2f1d57) Importer(815301076,1909f56bfc062723c751e8b465ee728b)  -> (artifact id: 'f49a59a25d1a2c1d48322e06fcd1a8f3') in 0.146600 seconds 
========================================================================
Received Import Request.
  Time since last request: 14.019312 seconds.
  path: Assets/prefab/4 doors.prefab
  artifactKey: Guid(7cb0f85c2bdfb2946a8730034c2f1d57) Importer(815301076,1909f56bfc062723c751e8b465ee728b)
Start importing Assets/prefab/4 doors.prefab using Guid(7cb0f85c2bdfb2946a8730034c2f1d57) Importer(815301076,1909f56bfc062723c751e8b465ee728b)  -> (artifact id: '797135300d62cd880626a54b3d1ec25b') in 0.162180 seconds 
========================================================================
Received Import Request.
  Time since last request: 8.645231 seconds.
  path: Assets/prefab/4 doors.prefab
  artifactKey: Guid(7cb0f85c2bdfb2946a8730034c2f1d57) Importer(815301076,1909f56bfc062723c751e8b465ee728b)
Start importing Assets/prefab/4 doors.prefab using Guid(7cb0f85c2bdfb2946a8730034c2f1d57) Importer(815301076,1909f56bfc062723c751e8b465ee728b)  -> (artifact id: '81a4770d924616b1cd1d086605593ea1') in 0.108233 seconds 
========================================================================
Received Import Request.
  Time since last request: 3.210107 seconds.
  path: Assets/prefab/4 doors.prefab
  artifactKey: Guid(7cb0f85c2bdfb2946a8730034c2f1d57) Importer(815301076,1909f56bfc062723c751e8b465ee728b)
Start importing Assets/prefab/4 doors.prefab using Guid(7cb0f85c2bdfb2946a8730034c2f1d57) Importer(815301076,1909f56bfc062723c751e8b465ee728b)  -> (artifact id: '38bd1ec7a2ada48b8e5572e0773170c3') in 0.112528 seconds 
========================================================================
Received Import Request.
  Time since last request: 15.388890 seconds.
  path: Assets/prefab/4 doors.prefab
  artifactKey: Guid(7cb0f85c2bdfb2946a8730034c2f1d57) Importer(815301076,1909f56bfc062723c751e8b465ee728b)
Start importing Assets/prefab/4 doors.prefab using Guid(7cb0f85c2bdfb2946a8730034c2f1d57) Importer(815301076,1909f56bfc062723c751e8b465ee728b)  -> (artifact id: '4f79494a1285c1b407e1ceae909c82cb') in 0.117193 seconds 
========================================================================
Received Import Request.
  Time since last request: 13.654641 seconds.
  path: Assets/prefab/4 doors.prefab
  artifactKey: Guid(7cb0f85c2bdfb2946a8730034c2f1d57) Importer(815301076,1909f56bfc062723c751e8b465ee728b)
Start importing Assets/prefab/4 doors.prefab using Guid(7cb0f85c2bdfb2946a8730034c2f1d57) Importer(815301076,1909f56bfc062723c751e8b465ee728b)  -> (artifact id: '73cf6e7fcafd5387c8410944d63b6b8d') in 0.152456 seconds 
========================================================================
Received Import Request.
  Time since last request: 19.235688 seconds.
  path: Assets/prefab/4 doors.prefab
  artifactKey: Guid(7cb0f85c2bdfb2946a8730034c2f1d57) Importer(815301076,1909f56bfc062723c751e8b465ee728b)
Start importing Assets/prefab/4 doors.prefab using Guid(7cb0f85c2bdfb2946a8730034c2f1d57) Importer(815301076,1909f56bfc062723c751e8b465ee728b)  -> (artifact id: '1ec09f9afe7c10226c433d9df48696cf') in 0.101192 seconds 
========================================================================
Received Import Request.
  Time since last request: 77.900718 seconds.
  path: Assets/prefab/4 doors.prefab
  artifactKey: Guid(7cb0f85c2bdfb2946a8730034c2f1d57) Importer(815301076,1909f56bfc062723c751e8b465ee728b)
Start importing Assets/prefab/4 doors.prefab using Guid(7cb0f85c2bdfb2946a8730034c2f1d57) Importer(815301076,1909f56bfc062723c751e8b465ee728b)  -> (artifact id: '444c0cabafb20fde495b4edac4c7e7c0') in 0.101412 seconds 
========================================================================
Received Import Request.
  Time since last request: 12.667094 seconds.
  path: Assets/prefab/4 doors.prefab
  artifactKey: Guid(7cb0f85c2bdfb2946a8730034c2f1d57) Importer(815301076,1909f56bfc062723c751e8b465ee728b)
Start importing Assets/prefab/4 doors.prefab using Guid(7cb0f85c2bdfb2946a8730034c2f1d57) Importer(815301076,1909f56bfc062723c751e8b465ee728b)  -> (artifact id: '7fe3acd0039183f8f21f9b795afcff40') in 0.104148 seconds 
========================================================================
Received Import Request.
  Time since last request: 12.012199 seconds.
  path: Assets/prefab/4 doors.prefab
  artifactKey: Guid(7cb0f85c2bdfb2946a8730034c2f1d57) Importer(815301076,1909f56bfc062723c751e8b465ee728b)
Start importing Assets/prefab/4 doors.prefab using Guid(7cb0f85c2bdfb2946a8730034c2f1d57) Importer(815301076,1909f56bfc062723c751e8b465ee728b)  -> (artifact id: '0000150f307901a5d9c3d43d3ccc4ab8') in 0.119098 seconds 
========================================================================
Received Import Request.
  Time since last request: 13.342015 seconds.
  path: Assets/prefab/4 doors.prefab
  artifactKey: Guid(7cb0f85c2bdfb2946a8730034c2f1d57) Importer(815301076,1909f56bfc062723c751e8b465ee728b)
Start importing Assets/prefab/4 doors.prefab using Guid(7cb0f85c2bdfb2946a8730034c2f1d57) Importer(815301076,1909f56bfc062723c751e8b465ee728b)  -> (artifact id: '08bc4210649b42b983839b943b5cfe86') in 0.158210 seconds 
========================================================================
Received Import Request.
  Time since last request: 10.165436 seconds.
  path: Assets/prefab/4 doors.prefab
  artifactKey: Guid(7cb0f85c2bdfb2946a8730034c2f1d57) Importer(815301076,1909f56bfc062723c751e8b465ee728b)
Start importing Assets/prefab/4 doors.prefab using Guid(7cb0f85c2bdfb2946a8730034c2f1d57) Importer(815301076,1909f56bfc062723c751e8b465ee728b)  -> (artifact id: '3a65796af03b249b5724d380141c5007') in 0.136489 seconds 
========================================================================
Received Import Request.
  Time since last request: 20.490147 seconds.
  path: Assets/prefab/4 doors.prefab
  artifactKey: Guid(7cb0f85c2bdfb2946a8730034c2f1d57) Importer(815301076,1909f56bfc062723c751e8b465ee728b)
Start importing Assets/prefab/4 doors.prefab using Guid(7cb0f85c2bdfb2946a8730034c2f1d57) Importer(815301076,1909f56bfc062723c751e8b465ee728b)  -> (artifact id: '2e69d387a168e371f90f047f8fadcd31') in 0.109213 seconds 
========================================================================
Received Import Request.
  Time since last request: 7.189622 seconds.
  path: Assets/prefab/4 doors.prefab
  artifactKey: Guid(7cb0f85c2bdfb2946a8730034c2f1d57) Importer(815301076,1909f56bfc062723c751e8b465ee728b)
Start importing Assets/prefab/4 doors.prefab using Guid(7cb0f85c2bdfb2946a8730034c2f1d57) Importer(815301076,1909f56bfc062723c751e8b465ee728b)  -> (artifact id: 'a6bfeae951f46bb26aaf517cda484eb1') in 0.109473 seconds 
========================================================================
Received Import Request.
  Time since last request: 9.263557 seconds.
  path: Assets/prefab/4 doors.prefab
  artifactKey: Guid(7cb0f85c2bdfb2946a8730034c2f1d57) Importer(815301076,1909f56bfc062723c751e8b465ee728b)
Start importing Assets/prefab/4 doors.prefab using Guid(7cb0f85c2bdfb2946a8730034c2f1d57) Importer(815301076,1909f56bfc062723c751e8b465ee728b)  -> (artifact id: '1e2e7a1d3ad0d34455f48decf4fb68f3') in 0.115699 seconds 
========================================================================
Received Import Request.
  Time since last request: 3.587428 seconds.
  path: Assets/prefab/4 doors.prefab
  artifactKey: Guid(7cb0f85c2bdfb2946a8730034c2f1d57) Importer(815301076,1909f56bfc062723c751e8b465ee728b)
Start importing Assets/prefab/4 doors.prefab using Guid(7cb0f85c2bdfb2946a8730034c2f1d57) Importer(815301076,1909f56bfc062723c751e8b465ee728b)  -> (artifact id: '0d00eeb7d3b308475b9fce4d0928b713') in 0.278754 seconds 
========================================================================
Received Import Request.
  Time since last request: 37.339179 seconds.
  path: Assets/prefab/4 doors.prefab
  artifactKey: Guid(7cb0f85c2bdfb2946a8730034c2f1d57) Importer(815301076,1909f56bfc062723c751e8b465ee728b)
Start importing Assets/prefab/4 doors.prefab using Guid(7cb0f85c2bdfb2946a8730034c2f1d57) Importer(815301076,1909f56bfc062723c751e8b465ee728b)  -> (artifact id: 'c835b3222c7bc77256161da975eca5a8') in 0.173082 seconds 
========================================================================
Received Import Request.
  Time since last request: 2.495947 seconds.
  path: Assets/prefab/4 doors.prefab
  artifactKey: Guid(7cb0f85c2bdfb2946a8730034c2f1d57) Importer(815301076,1909f56bfc062723c751e8b465ee728b)
Start importing Assets/prefab/4 doors.prefab using Guid(7cb0f85c2bdfb2946a8730034c2f1d57) Importer(815301076,1909f56bfc062723c751e8b465ee728b)  -> (artifact id: 'edf570fc5ea7ac91e080583206e3cde4') in 0.126549 seconds 
========================================================================
Received Import Request.
  Time since last request: 457.978966 seconds.
  path: Assets/prefab/1 door.prefab
  artifactKey: Guid(4583b90157580c3458298cf67a05f396) Importer(815301076,1909f56bfc062723c751e8b465ee728b)
Start importing Assets/prefab/1 door.prefab using Guid(4583b90157580c3458298cf67a05f396) Importer(815301076,1909f56bfc062723c751e8b465ee728b)  -> (artifact id: '38fb53b7e74319ac63694a251c83637c') in 0.236812 seconds 
========================================================================
Received Import Request.
  Time since last request: 21.205779 seconds.
  path: Assets/prefab/1 door.prefab
  artifactKey: Guid(4583b90157580c3458298cf67a05f396) Importer(815301076,1909f56bfc062723c751e8b465ee728b)
Start importing Assets/prefab/1 door.prefab using Guid(4583b90157580c3458298cf67a05f396) Importer(815301076,1909f56bfc062723c751e8b465ee728b)  -> (artifact id: 'f93f68fc800839df62406af8c9d8f115') in 0.108721 seconds 
========================================================================
Received Import Request.
  Time since last request: 93.825994 seconds.
  path: Assets/prefab/1 door.prefab
  artifactKey: Guid(4583b90157580c3458298cf67a05f396) Importer(815301076,1909f56bfc062723c751e8b465ee728b)
Start importing Assets/prefab/1 door.prefab using Guid(4583b90157580c3458298cf67a05f396) Importer(815301076,1909f56bfc062723c751e8b465ee728b)  -> (artifact id: 'cbaa121e05ebb004fe8b7c3f4bd7d2f2') in 0.119608 seconds 
========================================================================
Received Import Request.
  Time since last request: 2.124998 seconds.
  path: Assets/prefab/1 door.prefab
  artifactKey: Guid(4583b90157580c3458298cf67a05f396) Importer(815301076,1909f56bfc062723c751e8b465ee728b)
Start importing Assets/prefab/1 door.prefab using Guid(4583b90157580c3458298cf67a05f396) Importer(815301076,1909f56bfc062723c751e8b465ee728b)  -> (artifact id: 'a134f0773cba446eab1c47aa790dfaee') in 0.109180 seconds 
========================================================================
Received Import Request.
  Time since last request: 26.628078 seconds.
  path: Assets/prefab/1 door.prefab
  artifactKey: Guid(4583b90157580c3458298cf67a05f396) Importer(815301076,1909f56bfc062723c751e8b465ee728b)
Start importing Assets/prefab/1 door.prefab using Guid(4583b90157580c3458298cf67a05f396) Importer(815301076,1909f56bfc062723c751e8b465ee728b)  -> (artifact id: '40352bbfba3ea61d5003f22bf6d0ca33') in 0.116660 seconds 
========================================================================
Received Import Request.
  Time since last request: 10.122980 seconds.
  path: Assets/prefab/1 door.prefab
  artifactKey: Guid(4583b90157580c3458298cf67a05f396) Importer(815301076,1909f56bfc062723c751e8b465ee728b)
Start importing Assets/prefab/1 door.prefab using Guid(4583b90157580c3458298cf67a05f396) Importer(815301076,1909f56bfc062723c751e8b465ee728b)  -> (artifact id: '4bda8c0d1d0df6e15ad8250841ad4410') in 0.124628 seconds 
========================================================================
Received Import Request.
  Time since last request: 2.948779 seconds.
  path: Assets/prefab/1 door.prefab
  artifactKey: Guid(4583b90157580c3458298cf67a05f396) Importer(815301076,1909f56bfc062723c751e8b465ee728b)
Start importing Assets/prefab/1 door.prefab using Guid(4583b90157580c3458298cf67a05f396) Importer(815301076,1909f56bfc062723c751e8b465ee728b)  -> (artifact id: '473c041e5bbb79274b2532be6da6681e') in 0.137936 seconds 
========================================================================
Received Import Request.
  Time since last request: 27.175789 seconds.
  path: Assets/prefab/1 door.prefab
  artifactKey: Guid(4583b90157580c3458298cf67a05f396) Importer(815301076,1909f56bfc062723c751e8b465ee728b)
Start importing Assets/prefab/1 door.prefab using Guid(4583b90157580c3458298cf67a05f396) Importer(815301076,1909f56bfc062723c751e8b465ee728b)  -> (artifact id: 'dfba7103cf3c82f3d8e347526981f998') in 0.239367 seconds 
========================================================================
Received Import Request.
  Time since last request: 2.951559 seconds.
  path: Assets/prefab/1 door.prefab
  artifactKey: Guid(4583b90157580c3458298cf67a05f396) Importer(815301076,1909f56bfc062723c751e8b465ee728b)
Start importing Assets/prefab/1 door.prefab using Guid(4583b90157580c3458298cf67a05f396) Importer(815301076,1909f56bfc062723c751e8b465ee728b)  -> (artifact id: 'e4063cbbfcaa8407dccb85ee3b686e9a') in 0.126373 seconds 
========================================================================
Received Import Request.
  Time since last request: 7.459776 seconds.
  path: Assets/prefab/1 door.prefab
  artifactKey: Guid(4583b90157580c3458298cf67a05f396) Importer(815301076,1909f56bfc062723c751e8b465ee728b)
Start importing Assets/prefab/1 door.prefab using Guid(4583b90157580c3458298cf67a05f396) Importer(815301076,1909f56bfc062723c751e8b465ee728b)  -> (artifact id: 'f19218c83de32fa075dc9e17ed57fce1') in 0.104217 seconds 
========================================================================
Received Import Request.
  Time since last request: 2.518241 seconds.
  path: Assets/prefab/1 door.prefab
  artifactKey: Guid(4583b90157580c3458298cf67a05f396) Importer(815301076,1909f56bfc062723c751e8b465ee728b)
Start importing Assets/prefab/1 door.prefab using Guid(4583b90157580c3458298cf67a05f396) Importer(815301076,1909f56bfc062723c751e8b465ee728b)  -> (artifact id: '391f07b26e7b2f8aec4f9ec5fc595a2c') in 0.103795 seconds 
========================================================================
Received Import Request.
  Time since last request: 156.389651 seconds.
  path: Assets/prefab/3 doors.prefab
  artifactKey: Guid(4835b1d652a835b459e3c9593b163657) Importer(815301076,1909f56bfc062723c751e8b465ee728b)
Start importing Assets/prefab/3 doors.prefab using Guid(4835b1d652a835b459e3c9593b163657) Importer(815301076,1909f56bfc062723c751e8b465ee728b)  -> (artifact id: '85f4dbaaf0bc4d76c4e0c3aa2a48fd1c') in 0.155376 seconds 
========================================================================
Received Import Request.
  Time since last request: 6.414097 seconds.
  path: Assets/prefab/3 doors.prefab
  artifactKey: Guid(4835b1d652a835b459e3c9593b163657) Importer(815301076,1909f56bfc062723c751e8b465ee728b)
Start importing Assets/prefab/3 doors.prefab using Guid(4835b1d652a835b459e3c9593b163657) Importer(815301076,1909f56bfc062723c751e8b465ee728b)  -> (artifact id: '64dca390dc9a837f4dc1f007c5cef39c') in 0.112774 seconds 
========================================================================
Received Import Request.
  Time since last request: 13.720223 seconds.
  path: Assets/prefab/3 doors.prefab
  artifactKey: Guid(4835b1d652a835b459e3c9593b163657) Importer(815301076,1909f56bfc062723c751e8b465ee728b)
Start importing Assets/prefab/3 doors.prefab using Guid(4835b1d652a835b459e3c9593b163657) Importer(815301076,1909f56bfc062723c751e8b465ee728b)  -> (artifact id: '8f4b0ec8f02b2274d1babe469c74c7bc') in 0.125302 seconds 
========================================================================
Received Import Request.
  Time since last request: 4.460295 seconds.
  path: Assets/prefab/3 doors.prefab
  artifactKey: Guid(4835b1d652a835b459e3c9593b163657) Importer(815301076,1909f56bfc062723c751e8b465ee728b)
Start importing Assets/prefab/3 doors.prefab using Guid(4835b1d652a835b459e3c9593b163657) Importer(815301076,1909f56bfc062723c751e8b465ee728b)  -> (artifact id: '6861f0b89d51d1cbd38cc89f1b0fdc68') in 0.094383 seconds 
========================================================================
Received Import Request.
  Time since last request: 83.478590 seconds.
  path: Assets/GameObjects/playerScript.cs
  artifactKey: Guid(2f5026944ff3b374cb39d774c8a07d47) Importer(815301076,1909f56bfc062723c751e8b465ee728b)
Start importing Assets/GameObjects/playerScript.cs using Guid(2f5026944ff3b374cb39d774c8a07d47) Importer(815301076,1909f56bfc062723c751e8b465ee728b)  -> (artifact id: '6555e2b7a3ccae03ee45eff140bda63c') in 0.545451 seconds 
========================================================================
Received Prepare
Registering precompiled user dll's ...
Registered in 2.218455 seconds.
Begin MonoManager ReloadAssembly
Native extension for WindowsStandalone target not found
Native extension for WebGL target not found
Refreshing native plugins compatible for Editor in 1.54 ms, found 2 plugins.
Preloading 0 native plugins for Editor in 0.00 ms.
Mono: successfully reloaded assembly
- Completed reload, in  5.757 seconds
Domain Reload Profiling:
	ReloadAssembly (5759ms)
		BeginReloadAssembly (567ms)
			ExecutionOrderSort (0ms)
			DisableScriptedObjects (23ms)
			BackupInstance (0ms)
			ReleaseScriptingObjects (0ms)
			CreateAndSetChildDomain (173ms)
		EndReloadAssembly (4759ms)
			LoadAssemblies (525ms)
			RebuildTransferFunctionScriptingTraits (0ms)
			SetupTypeCache (1818ms)
			ReleaseScriptCaches (4ms)
			RebuildScriptCaches (276ms)
			SetupLoadedEditorAssemblies (1523ms)
				LogAssemblyErrors (0ms)
				InitializePlatformSupportModulesInManaged (26ms)
				SetLoadedEditorAssemblies (2ms)
				RefreshPlugins (2ms)
				BeforeProcessingInitializeOnLoad (319ms)
				ProcessInitializeOnLoadAttributes (1104ms)
				ProcessInitializeOnLoadMethodAttributes (43ms)
				AfterProcessingInitializeOnLoad (25ms)
				EditorAssembliesLoaded (1ms)
			ExecutionOrderSort2 (0ms)
			AwakeInstancesAfterBackupRestoration (36ms)
Platform modules already initialized, skipping
Refreshing native plugins compatible for Editor in 1.91 ms, found 2 plugins.
Preloading 0 native plugins for Editor in 0.00 ms.
Unloading 1503 Unused Serialized files (Serialized files now loaded: 0)
System memory in use before: 71.8 MB.
System memory in use after: 71.9 MB.

Unloading 11 unused Assets to reduce memory usage. Loaded Objects now: 1956.
Total: 16.526526 ms (FindLiveObjects: 0.946410 ms CreateObjectMapping: 0.438067 ms MarkObjects: 15.033301 ms  DeleteObjects: 0.103105 ms)

AssetImportParameters requested are different than current active one (requested -> active):
  custom:framework-win-MediaFoundation: 216162199b28c13a410421893ffa2e32 -> 
  custom:video-decoder-ogg-theora: a1e56fd34408186e4bbccfd4996cb3dc -> 
  custom:container-muxer-webm: aa71ff27fc2769a1b78a27578f13a17b -> 
  custom:container-demuxer-webm: 4f35f7cbe854078d1ac9338744f61a02 -> 
  custom:container-demuxer-ogg: 62fdf1f143b41e24485cea50d1cbac27 -> 
  custom:video-encoder-webm-vp8: eb34c28f22e8b96e1ab97ce403110664 -> 
  custom:video-decoder-webm-vp8: 9c59270c3fd7afecdb556c50c9e8de78 -> 
  custom:audio-decoder-ogg-vorbis: bf7c407c2cedff20999df2af8eb42d56 -> 
  custom:audio-encoder-webm-vorbis: bf7c407c2cedff20999df2af8eb42d56 -> 
========================================================================
Received Import Request.
  Time since last request: 114517.082309 seconds.
  path: Assets/prefab/2 doors.prefab
  artifactKey: Guid(47718bb3d1d35844ab5583b245235ff6) Importer(815301076,1909f56bfc062723c751e8b465ee728b)
Start importing Assets/prefab/2 doors.prefab using Guid(47718bb3d1d35844ab5583b245235ff6) Importer(815301076,1909f56bfc062723c751e8b465ee728b)  -> (artifact id: '126297a5df458f0108d8253c371e4145') in 97.862931 seconds 
========================================================================
Received Import Request.
  Time since last request: 0.000726 seconds.
  path: Assets/prefab/2 doors.prefab
  artifactKey: Guid(47718bb3d1d35844ab5583b245235ff6) Importer(815301076,1909f56bfc062723c751e8b465ee728b)
Start importing Assets/prefab/2 doors.prefab using Guid(47718bb3d1d35844ab5583b245235ff6) Importer(815301076,1909f56bfc062723c751e8b465ee728b)  -> (artifact id: '126297a5df458f0108d8253c371e4145') in 0.547299 seconds 
========================================================================
Received Prepare
Registering precompiled user dll's ...
Registered in 1.088798 seconds.
Begin MonoManager ReloadAssembly
Native extension for WindowsStandalone target not found
Native extension for WebGL target not found
Refreshing native plugins compatible for Editor in 18.04 ms, found 2 plugins.
Preloading 0 native plugins for Editor in 0.00 ms.
Mono: successfully reloaded assembly
- Completed reload, in 107.495 seconds
Domain Reload Profiling:
	ReloadAssembly (108003ms)
		BeginReloadAssembly (83947ms)
			ExecutionOrderSort (0ms)
			DisableScriptedObjects (4787ms)
			BackupInstance (0ms)
			ReleaseScriptingObjects (31ms)
			CreateAndSetChildDomain (68205ms)
		EndReloadAssembly (21206ms)
			LoadAssemblies (8666ms)
			RebuildTransferFunctionScriptingTraits (19ms)
			SetupTypeCache (9583ms)
			ReleaseScriptCaches (4ms)
			RebuildScriptCaches (383ms)
			SetupLoadedEditorAssemblies (3775ms)
				LogAssemblyErrors (0ms)
				InitializePlatformSupportModulesInManaged (99ms)
				SetLoadedEditorAssemblies (51ms)
				RefreshPlugins (18ms)
				BeforeProcessingInitializeOnLoad (626ms)
				ProcessInitializeOnLoadAttributes (2799ms)
				ProcessInitializeOnLoadMethodAttributes (137ms)
				AfterProcessingInitializeOnLoad (42ms)
				EditorAssembliesLoaded (2ms)
			ExecutionOrderSort2 (0ms)
			AwakeInstancesAfterBackupRestoration (74ms)
Platform modules already initialized, skipping
Refreshing native plugins compatible for Editor in 1.97 ms, found 2 plugins.
Preloading 0 native plugins for Editor in 0.00 ms.
Unloading 1503 Unused Serialized files (Serialized files now loaded: 0)
System memory in use before: 71.8 MB.
System memory in use after: 72.0 MB.

Unloading 11 unused Assets to reduce memory usage. Loaded Objects now: 1960.
Total: 209.131498 ms (FindLiveObjects: 0.850487 ms CreateObjectMapping: 0.280076 ms MarkObjects: 207.883468 ms  DeleteObjects: 0.109773 ms)

AssetImportParameters requested are different than current active one (requested -> active):
  custom:framework-win-MediaFoundation: 216162199b28c13a410421893ffa2e32 -> 
  custom:video-decoder-ogg-theora: a1e56fd34408186e4bbccfd4996cb3dc -> 
  custom:container-muxer-webm: aa71ff27fc2769a1b78a27578f13a17b -> 
  custom:container-demuxer-webm: 4f35f7cbe854078d1ac9338744f61a02 -> 
  custom:container-demuxer-ogg: 62fdf1f143b41e24485cea50d1cbac27 -> 
  custom:video-encoder-webm-vp8: eb34c28f22e8b96e1ab97ce403110664 -> 
  custom:video-decoder-webm-vp8: 9c59270c3fd7afecdb556c50c9e8de78 -> 
  custom:audio-decoder-ogg-vorbis: bf7c407c2cedff20999df2af8eb42d56 -> 
  custom:audio-encoder-webm-vorbis: bf7c407c2cedff20999df2af8eb42d56 -> 
========================================================================
Received Import Request.
  Time since last request: 44952.643642 seconds.
  path: Assets/GameObjects/Scripts
  artifactKey: Guid(b901f8325d2fa4441bf35a9f4f70458a) Importer(815301076,1909f56bfc062723c751e8b465ee728b)
Start importing Assets/GameObjects/Scripts using Guid(b901f8325d2fa4441bf35a9f4f70458a) Importer(815301076,1909f56bfc062723c751e8b465ee728b)  -> (artifact id: '0f134732f8bf1e00a8667f1f855fbe86') in 0.649504 seconds 
========================================================================
Received Import Request.
  Time since last request: 145.334722 seconds.
  path: Assets/GameObjects/Scripts/Pl.cs
  artifactKey: Guid(5eec975c62c7dcc45bafd84f72230c33) Importer(815301076,1909f56bfc062723c751e8b465ee728b)
Start importing Assets/GameObjects/Scripts/Pl.cs using Guid(5eec975c62c7dcc45bafd84f72230c33) Importer(815301076,1909f56bfc062723c751e8b465ee728b)  -> (artifact id: '08c8730d5d6c873a9f4a5cc22a6f65cc') in 0.182031 seconds 
========================================================================
Received Import Request.
  Time since last request: 20.081636 seconds.
  path: Assets/GameObjects/Scripts/Player.cs
  artifactKey: Guid(5eec975c62c7dcc45bafd84f72230c33) Importer(815301076,1909f56bfc062723c751e8b465ee728b)
Start importing Assets/GameObjects/Scripts/Player.cs using Guid(5eec975c62c7dcc45bafd84f72230c33) Importer(815301076,1909f56bfc062723c751e8b465ee728b)  -> (artifact id: '07be6d79ef7f6c28dd3eccf99313d376') in 0.102420 seconds 
========================================================================
Received Import Request.
  Time since last request: 428.059523 seconds.
  path: Assets/GameObjects/Scripts/Player.cs
  artifactKey: Guid(5eec975c62c7dcc45bafd84f72230c33) Importer(815301076,1909f56bfc062723c751e8b465ee728b)
Start importing Assets/GameObjects/Scripts/Player.cs using Guid(5eec975c62c7dcc45bafd84f72230c33) Importer(815301076,1909f56bfc062723c751e8b465ee728b)  -> (artifact id: '4f194b0f4289de03a8437a282fbea5dc') in 0.015464 seconds 
========================================================================
Received Import Request.
  Time since last request: 531.743766 seconds.
  path: Assets/GameObjects/playerScript.cs
  artifactKey: Guid(3b1a95c6647f76743bbe25076a6ca6f8) Importer(815301076,1909f56bfc062723c751e8b465ee728b)
Start importing Assets/GameObjects/playerScript.cs using Guid(3b1a95c6647f76743bbe25076a6ca6f8) Importer(815301076,1909f56bfc062723c751e8b465ee728b)  -> (artifact id: '8d239c1df0d41b0b65b81460f06ad21b') in 0.124834 seconds 
========================================================================
Received Import Request.
  Time since last request: 22.897745 seconds.
  path: Assets/GameObjects/Scripts/playerScript.cs
  artifactKey: Guid(2f5026944ff3b374cb39d774c8a07d47) Importer(815301076,1909f56bfc062723c751e8b465ee728b)
Start importing Assets/GameObjects/Scripts/playerScript.cs using Guid(2f5026944ff3b374cb39d774c8a07d47) Importer(815301076,1909f56bfc062723c751e8b465ee728b)  -> (artifact id: '6209b5e7430cd7adb95a967e422aaa9a') in 0.043262 seconds 
========================================================================
Received Import Request.
  Time since last request: 36.367718 seconds.
  path: Assets/playerScript.cs
  artifactKey: Guid(b0556864e1bacfc40a68fc727a56b5a5) Importer(815301076,1909f56bfc062723c751e8b465ee728b)
Start importing Assets/playerScript.cs using Guid(b0556864e1bacfc40a68fc727a56b5a5) Importer(815301076,1909f56bfc062723c751e8b465ee728b)  -> (artifact id: '680c94cddea08fd25599bae2cf4911ed') in 0.020834 seconds 
========================================================================
Received Prepare
Registering precompiled user dll's ...
Registered in 0.014466 seconds.
Begin MonoManager ReloadAssembly
Native extension for WindowsStandalone target not found
Native extension for WebGL target not found
Refreshing native plugins compatible for Editor in 1.83 ms, found 2 plugins.
Preloading 0 native plugins for Editor in 0.00 ms.
Mono: successfully reloaded assembly
- Completed reload, in  7.315 seconds
Domain Reload Profiling:
	ReloadAssembly (7317ms)
		BeginReloadAssembly (793ms)
			ExecutionOrderSort (0ms)
			DisableScriptedObjects (30ms)
			BackupInstance (0ms)
			ReleaseScriptingObjects (0ms)
			CreateAndSetChildDomain (155ms)
		EndReloadAssembly (6078ms)
			LoadAssemblies (691ms)
			RebuildTransferFunctionScriptingTraits (0ms)
			SetupTypeCache (2330ms)
			ReleaseScriptCaches (4ms)
			RebuildScriptCaches (294ms)
			SetupLoadedEditorAssemblies (1834ms)
				LogAssemblyErrors (0ms)
				InitializePlatformSupportModulesInManaged (34ms)
				SetLoadedEditorAssemblies (3ms)
				RefreshPlugins (2ms)
				BeforeProcessingInitializeOnLoad (327ms)
				ProcessInitializeOnLoadAttributes (1384ms)
				ProcessInitializeOnLoadMethodAttributes (52ms)
				AfterProcessingInitializeOnLoad (30ms)
				EditorAssembliesLoaded (1ms)
			ExecutionOrderSort2 (0ms)
			AwakeInstancesAfterBackupRestoration (45ms)
Platform modules already initialized, skipping
Refreshing native plugins compatible for Editor in 2.16 ms, found 2 plugins.
Preloading 0 native plugins for Editor in 0.00 ms.
Unloading 1503 Unused Serialized files (Serialized files now loaded: 0)
System memory in use before: 71.9 MB.
System memory in use after: 72.0 MB.

Unloading 12 unused Assets to reduce memory usage. Loaded Objects now: 1963.
Total: 18.750205 ms (FindLiveObjects: 1.308559 ms CreateObjectMapping: 0.410368 ms MarkObjects: 16.912785 ms  DeleteObjects: 0.111825 ms)

AssetImportParameters requested are different than current active one (requested -> active):
  custom:framework-win-MediaFoundation: 216162199b28c13a410421893ffa2e32 -> 
  custom:video-decoder-ogg-theora: a1e56fd34408186e4bbccfd4996cb3dc -> 
  custom:container-muxer-webm: aa71ff27fc2769a1b78a27578f13a17b -> 
  custom:container-demuxer-webm: 4f35f7cbe854078d1ac9338744f61a02 -> 
  custom:container-demuxer-ogg: 62fdf1f143b41e24485cea50d1cbac27 -> 
  custom:video-encoder-webm-vp8: eb34c28f22e8b96e1ab97ce403110664 -> 
  custom:video-decoder-webm-vp8: 9c59270c3fd7afecdb556c50c9e8de78 -> 
  custom:audio-decoder-ogg-vorbis: bf7c407c2cedff20999df2af8eb42d56 -> 
  custom:audio-encoder-webm-vorbis: bf7c407c2cedff20999df2af8eb42d56 -> 
========================================================================
Received Prepare
Registering precompiled user dll's ...
Registered in 0.015908 seconds.
Begin MonoManager ReloadAssembly
Native extension for WindowsStandalone target not found
Native extension for WebGL target not found
Refreshing native plugins compatible for Editor in 1.83 ms, found 2 plugins.
Preloading 0 native plugins for Editor in 0.00 ms.
Mono: successfully reloaded assembly
- Completed reload, in  6.791 seconds
Domain Reload Profiling:
	ReloadAssembly (6793ms)
		BeginReloadAssembly (632ms)
			ExecutionOrderSort (0ms)
			DisableScriptedObjects (31ms)
			BackupInstance (0ms)
			ReleaseScriptingObjects (0ms)
			CreateAndSetChildDomain (168ms)
		EndReloadAssembly (5694ms)
			LoadAssemblies (599ms)
			RebuildTransferFunctionScriptingTraits (0ms)
			SetupTypeCache (2343ms)
			ReleaseScriptCaches (4ms)
			RebuildScriptCaches (284ms)
			SetupLoadedEditorAssemblies (1860ms)
				LogAssemblyErrors (0ms)
				InitializePlatformSupportModulesInManaged (34ms)
				SetLoadedEditorAssemblies (3ms)
				RefreshPlugins (2ms)
				BeforeProcessingInitializeOnLoad (331ms)
				ProcessInitializeOnLoadAttributes (1407ms)
				ProcessInitializeOnLoadMethodAttributes (52ms)
				AfterProcessingInitializeOnLoad (30ms)
				EditorAssembliesLoaded (1ms)
			ExecutionOrderSort2 (0ms)
			AwakeInstancesAfterBackupRestoration (55ms)
Platform modules already initialized, skipping
Refreshing native plugins compatible for Editor in 1.86 ms, found 2 plugins.
Preloading 0 native plugins for Editor in 0.00 ms.
Unloading 1503 Unused Serialized files (Serialized files now loaded: 0)
System memory in use before: 71.9 MB.
System memory in use after: 72.0 MB.

Unloading 11 unused Assets to reduce memory usage. Loaded Objects now: 1966.
Total: 19.377042 ms (FindLiveObjects: 1.140309 ms CreateObjectMapping: 0.334450 ms MarkObjects: 17.784303 ms  DeleteObjects: 0.109773 ms)

AssetImportParameters requested are different than current active one (requested -> active):
  custom:framework-win-MediaFoundation: 216162199b28c13a410421893ffa2e32 -> 
  custom:video-decoder-ogg-theora: a1e56fd34408186e4bbccfd4996cb3dc -> 
  custom:container-muxer-webm: aa71ff27fc2769a1b78a27578f13a17b -> 
  custom:container-demuxer-webm: 4f35f7cbe854078d1ac9338744f61a02 -> 
  custom:container-demuxer-ogg: 62fdf1f143b41e24485cea50d1cbac27 -> 
  custom:video-encoder-webm-vp8: eb34c28f22e8b96e1ab97ce403110664 -> 
  custom:video-decoder-webm-vp8: 9c59270c3fd7afecdb556c50c9e8de78 -> 
  custom:audio-decoder-ogg-vorbis: bf7c407c2cedff20999df2af8eb42d56 -> 
  custom:audio-encoder-webm-vorbis: bf7c407c2cedff20999df2af8eb42d56 -> 
========================================================================
Received Import Request.
  Time since last request: 375.355118 seconds.
  path: Assets/prefab/2 doors corner.prefab
  artifactKey: Guid(f0e89ff416bc7ca42ae105ddc0a02369) Importer(815301076,1909f56bfc062723c751e8b465ee728b)
Start importing Assets/prefab/2 doors corner.prefab using Guid(f0e89ff416bc7ca42ae105ddc0a02369) Importer(815301076,1909f56bfc062723c751e8b465ee728b)  -> (artifact id: 'f6eef6e1a8d9b74c846705676fb066b3') in 0.869089 seconds 
========================================================================
Received Import Request.
  Time since last request: 3.736481 seconds.
  path: Assets/prefab/2 doors corner.prefab
  artifactKey: Guid(f0e89ff416bc7ca42ae105ddc0a02369) Importer(815301076,1909f56bfc062723c751e8b465ee728b)
Start importing Assets/prefab/2 doors corner.prefab using Guid(f0e89ff416bc7ca42ae105ddc0a02369) Importer(815301076,1909f56bfc062723c751e8b465ee728b)  -> (artifact id: 'e31277a212a9db4fea002ec65efed23e') in 0.212673 seconds 
========================================================================
Received Import Request.
  Time since last request: 24.670812 seconds.
  path: Assets/prefab/4 doors.prefab
  artifactKey: Guid(7cb0f85c2bdfb2946a8730034c2f1d57) Importer(815301076,1909f56bfc062723c751e8b465ee728b)
Start importing Assets/prefab/4 doors.prefab using Guid(7cb0f85c2bdfb2946a8730034c2f1d57) Importer(815301076,1909f56bfc062723c751e8b465ee728b)  -> (artifact id: '5bc02245d4f59da4859b8eed04e228e1') in 0.110008 seconds 
========================================================================
Received Import Request.
  Time since last request: 28.421757 seconds.
  path: Assets/prefab/4 doors.prefab
  artifactKey: Guid(7cb0f85c2bdfb2946a8730034c2f1d57) Importer(815301076,1909f56bfc062723c751e8b465ee728b)
Start importing Assets/prefab/4 doors.prefab using Guid(7cb0f85c2bdfb2946a8730034c2f1d57) Importer(815301076,1909f56bfc062723c751e8b465ee728b)  -> (artifact id: 'b11216a882a441226b36872056949873') in 0.157578 seconds 
========================================================================
Received Prepare
Registering precompiled user dll's ...
Registered in 0.014824 seconds.
Begin MonoManager ReloadAssembly
Native extension for WindowsStandalone target not found
Native extension for WebGL target not found
Refreshing native plugins compatible for Editor in 1.96 ms, found 2 plugins.
Preloading 0 native plugins for Editor in 0.00 ms.
Mono: successfully reloaded assembly
- Completed reload, in  7.539 seconds
Domain Reload Profiling:
	ReloadAssembly (7541ms)
		BeginReloadAssembly (702ms)
			ExecutionOrderSort (0ms)
			DisableScriptedObjects (32ms)
			BackupInstance (0ms)
			ReleaseScriptingObjects (0ms)
			CreateAndSetChildDomain (197ms)
		EndReloadAssembly (6368ms)
			LoadAssemblies (666ms)
			RebuildTransferFunctionScriptingTraits (0ms)
			SetupTypeCache (2937ms)
			ReleaseScriptCaches (4ms)
			RebuildScriptCaches (293ms)
			SetupLoadedEditorAssemblies (1818ms)
				LogAssemblyErrors (0ms)
				InitializePlatformSupportModulesInManaged (34ms)
				SetLoadedEditorAssemblies (3ms)
				RefreshPlugins (2ms)
				BeforeProcessingInitializeOnLoad (348ms)
				ProcessInitializeOnLoadAttributes (1342ms)
				ProcessInitializeOnLoadMethodAttributes (56ms)
				AfterProcessingInitializeOnLoad (31ms)
				EditorAssembliesLoaded (1ms)
			ExecutionOrderSort2 (0ms)
			AwakeInstancesAfterBackupRestoration (52ms)
Platform modules already initialized, skipping
Refreshing native plugins compatible for Editor in 2.89 ms, found 2 plugins.
Preloading 0 native plugins for Editor in 0.00 ms.
Unloading 1504 Unused Serialized files (Serialized files now loaded: 0)
System memory in use before: 71.9 MB.
System memory in use after: 72.0 MB.

Unloading 11 unused Assets to reduce memory usage. Loaded Objects now: 1971.
Total: 17.239027 ms (FindLiveObjects: 0.789445 ms CreateObjectMapping: 0.333424 ms MarkObjects: 15.996126 ms  DeleteObjects: 0.113364 ms)

AssetImportParameters requested are different than current active one (requested -> active):
  custom:framework-win-MediaFoundation: 216162199b28c13a410421893ffa2e32 -> 
  custom:video-decoder-ogg-theora: a1e56fd34408186e4bbccfd4996cb3dc -> 
  custom:container-muxer-webm: aa71ff27fc2769a1b78a27578f13a17b -> 
  custom:container-demuxer-webm: 4f35f7cbe854078d1ac9338744f61a02 -> 
  custom:container-demuxer-ogg: 62fdf1f143b41e24485cea50d1cbac27 -> 
  custom:video-encoder-webm-vp8: eb34c28f22e8b96e1ab97ce403110664 -> 
  custom:video-decoder-webm-vp8: 9c59270c3fd7afecdb556c50c9e8de78 -> 
  custom:audio-decoder-ogg-vorbis: bf7c407c2cedff20999df2af8eb42d56 -> 
  custom:audio-encoder-webm-vorbis: bf7c407c2cedff20999df2af8eb42d56 -> 
========================================================================
Received Import Request.
  Time since last request: 136.251119 seconds.
  path: Assets/GameObjects/Scripts/NewBehaviourScript.cs
  artifactKey: Guid(2e9ddf7de8549fc4c9d71efdccde3e1d) Importer(815301076,1909f56bfc062723c751e8b465ee728b)
Start importing Assets/GameObjects/Scripts/NewBehaviourScript.cs using Guid(2e9ddf7de8549fc4c9d71efdccde3e1d) Importer(815301076,1909f56bfc062723c751e8b465ee728b)  -> (artifact id: '9e7a1d456f1a6bff493efe6ff42a4646') in 0.073075 seconds 
========================================================================
Received Import Request.
  Time since last request: 1.372440 seconds.
  path: Assets/GameObjects/Scripts/Room.cs
  artifactKey: Guid(2e9ddf7de8549fc4c9d71efdccde3e1d) Importer(815301076,1909f56bfc062723c751e8b465ee728b)
Start importing Assets/GameObjects/Scripts/Room.cs using Guid(2e9ddf7de8549fc4c9d71efdccde3e1d) Importer(815301076,1909f56bfc062723c751e8b465ee728b)  -> (artifact id: '6eb8926cf7a26ae1c50c7f9d0f327d37') in 0.195178 seconds 
========================================================================
Received Prepare
Registering precompiled user dll's ...
Registered in 0.023415 seconds.
Begin MonoManager ReloadAssembly
Native extension for WindowsStandalone target not found
Native extension for WebGL target not found
Refreshing native plugins compatible for Editor in 1.97 ms, found 2 plugins.
Preloading 0 native plugins for Editor in 0.00 ms.
Mono: successfully reloaded assembly
- Completed reload, in  7.310 seconds
Domain Reload Profiling:
	ReloadAssembly (7314ms)
		BeginReloadAssembly (967ms)
			ExecutionOrderSort (0ms)
			DisableScriptedObjects (33ms)
			BackupInstance (0ms)
			ReleaseScriptingObjects (0ms)
			CreateAndSetChildDomain (410ms)
		EndReloadAssembly (5830ms)
			LoadAssemblies (843ms)
			RebuildTransferFunctionScriptingTraits (0ms)
			SetupTypeCache (2185ms)
			ReleaseScriptCaches (4ms)
			RebuildScriptCaches (307ms)
			SetupLoadedEditorAssemblies (1887ms)
				LogAssemblyErrors (0ms)
				InitializePlatformSupportModulesInManaged (36ms)
				SetLoadedEditorAssemblies (3ms)
				RefreshPlugins (3ms)
				BeforeProcessingInitializeOnLoad (345ms)
				ProcessInitializeOnLoadAttributes (1410ms)
				ProcessInitializeOnLoadMethodAttributes (57ms)
				AfterProcessingInitializeOnLoad (31ms)
				EditorAssembliesLoaded (1ms)
			ExecutionOrderSort2 (0ms)
			AwakeInstancesAfterBackupRestoration (47ms)
Platform modules already initialized, skipping
Refreshing native plugins compatible for Editor in 1.96 ms, found 2 plugins.
Preloading 0 native plugins for Editor in 0.00 ms.
Unloading 1504 Unused Serialized files (Serialized files now loaded: 0)
System memory in use before: 71.9 MB.
System memory in use after: 72.0 MB.

Unloading 11 unused Assets to reduce memory usage. Loaded Objects now: 1974.
Total: 18.040269 ms (FindLiveObjects: 0.916658 ms CreateObjectMapping: 0.360098 ms MarkObjects: 16.599879 ms  DeleteObjects: 0.154401 ms)

AssetImportParameters requested are different than current active one (requested -> active):
  custom:framework-win-MediaFoundation: 216162199b28c13a410421893ffa2e32 -> 
  custom:video-decoder-ogg-theora: a1e56fd34408186e4bbccfd4996cb3dc -> 
  custom:container-muxer-webm: aa71ff27fc2769a1b78a27578f13a17b -> 
  custom:container-demuxer-webm: 4f35f7cbe854078d1ac9338744f61a02 -> 
  custom:container-demuxer-ogg: 62fdf1f143b41e24485cea50d1cbac27 -> 
  custom:video-encoder-webm-vp8: eb34c28f22e8b96e1ab97ce403110664 -> 
  custom:video-decoder-webm-vp8: 9c59270c3fd7afecdb556c50c9e8de78 -> 
  custom:audio-decoder-ogg-vorbis: bf7c407c2cedff20999df2af8eb42d56 -> 
  custom:audio-encoder-webm-vorbis: bf7c407c2cedff20999df2af8eb42d56 -> 
